{"total": {"lines":{"total":165,"covered":164,"skipped":0,"pct":99.39},"statements":{"total":173,"covered":171,"skipped":0,"pct":98.84},"functions":{"total":53,"covered":52,"skipped":0,"pct":98.11},"branches":{"total":74,"covered":68,"skipped":0,"pct":91.89},"branchesTrue":{"total":0,"covered":0,"skipped":0,"pct":100}}
,"/Users/vrav/Desktop/Project/AI Coder Practice/Kanban_antigravity/frontend/src/App.tsx": {"lines":{"total":6,"covered":6,"skipped":0,"pct":100},"functions":{"total":2,"covered":2,"skipped":0,"pct":100},"statements":{"total":6,"covered":6,"skipped":0,"pct":100},"branches":{"total":0,"covered":0,"skipped":0,"pct":100}}
,"/Users/vrav/Desktop/Project/AI Coder Practice/Kanban_antigravity/frontend/src/components/AddCardModal.tsx": {"lines":{"total":35,"covered":35,"skipped":0,"pct":100},"functions":{"total":10,"covered":10,"skipped":0,"pct":100},"statements":{"total":37,"covered":36,"skipped":0,"pct":97.29},"branches":{"total":20,"covered":17,"skipped":0,"pct":85}}
,"/Users/vrav/Desktop/Project/AI Coder Practice/Kanban_antigravity/frontend/src/components/BoardView.tsx": {"lines":{"total":13,"covered":12,"skipped":0,"pct":92.3},"functions":{"total":4,"covered":3,"skipped":0,"pct":75},"statements":{"total":13,"covered":12,"skipped":0,"pct":92.3},"branches":{"total":6,"covered":6,"skipped":0,"pct":100}}
,"/Users/vrav/Desktop/Project/AI Coder Practice/Kanban_antigravity/frontend/src/components/CardView.tsx": {"lines":{"total":6,"covered":6,"skipped":0,"pct":100},"functions":{"total":3,"covered":3,"skipped":0,"pct":100},"statements":{"total":6,"covered":6,"skipped":0,"pct":100},"branches":{"total":4,"covered":3,"skipped":0,"pct":75}}
,"/Users/vrav/Desktop/Project/AI Coder Practice/Kanban_antigravity/frontend/src/components/ColumnView.tsx": {"lines":{"total":31,"covered":31,"skipped":0,"pct":100},"functions":{"total":12,"covered":12,"skipped":0,"pct":100},"statements":{"total":31,"covered":31,"skipped":0,"pct":100},"branches":{"total":17,"covered":15,"skipped":0,"pct":88.23}}
,"/Users/vrav/Desktop/Project/AI Coder Practice/Kanban_antigravity/frontend/src/components/Header.tsx": {"lines":{"total":2,"covered":2,"skipped":0,"pct":100},"functions":{"total":1,"covered":1,"skipped":0,"pct":100},"statements":{"total":2,"covered":2,"skipped":0,"pct":100},"branches":{"total":0,"covered":0,"skipped":0,"pct":100}}
,"/Users/vrav/Desktop/Project/AI Coder Practice/Kanban_antigravity/frontend/src/models/types.ts": {"lines":{"total":5,"covered":5,"skipped":0,"pct":100},"functions":{"total":1,"covered":1,"skipped":0,"pct":100},"statements":{"total":5,"covered":5,"skipped":0,"pct":100},"branches":{"total":0,"covered":0,"skipped":0,"pct":100}}
,"/Users/vrav/Desktop/Project/AI Coder Practice/Kanban_antigravity/frontend/src/viewmodels/useKanbanViewModel.ts": {"lines":{"total":67,"covered":67,"skipped":0,"pct":100},"functions":{"total":20,"covered":20,"skipped":0,"pct":100},"statements":{"total":73,"covered":73,"skipped":0,"pct":100},"branches":{"total":27,"covered":27,"skipped":0,"pct":100}}
}
